[debug] [2026-06-08T17:04:24.892Z] ----------------------------------------------------------------------
[debug] [2026-06-08T17:04:24.895Z] Command:       D:\node.exe C:\Users\User\AppData\Roaming\npm\node_modules\firebase-tools\lib\bin\firebase.js init hosting:github
[debug] [2026-06-08T17:04:24.895Z] CLI Version:   15.19.1
[debug] [2026-06-08T17:04:24.895Z] Platform:      win32
[debug] [2026-06-08T17:04:24.895Z] Node Version:  v24.16.0
[debug] [2026-06-08T17:04:24.895Z] Time:          Mon Jun 08 2026 22:34:24 GMT+0530 (India Standard Time)
[debug] [2026-06-08T17:04:24.895Z] ----------------------------------------------------------------------
[debug] 
[info] 
     ######## #### ########  ######## ########     ###     ######  ########
     ##        ##  ##     ## ##       ##     ##  ##   ##  ##       ##
     ######    ##  ########  ######   ########  #########  ######  ######
     ##        ##  ##    ##  ##       ##     ## ##     ##       ## ##
     ##       #### ##     ## ######## ########  ##     ##  ######  ########

You're about to initialize a Firebase project in this directory:

  C:\Users\User\Desktop\httpsgithub.comDhruv727876.git\CarbonSaathi

Before we get started, keep in mind:

  * You are initializing within an existing Firebase project directory

[info] 
=== Project Setup
[info] 
[info] First, let's associate this project directory with a Firebase project.
[info] You can create multiple project aliases by running firebase use --add, 
[info] 
[debug] [2026-06-08T17:04:37.739Z] > command requires scopes: ["email","openid","https://www.googleapis.com/auth/cloudplatformprojects.readonly","https://www.googleapis.com/auth/firebase","https://www.googleapis.com/auth/cloud-platform"]
[debug] [2026-06-08T17:04:37.739Z] > authorizing via signed-in user (cinefix1.12.19@gmail.com)
[debug] [2026-06-08T17:04:37.740Z] Checked if tokens are valid: true, expires at: 1780941523944
[debug] [2026-06-08T17:04:37.740Z] Checked if tokens are valid: true, expires at: 1780941523944
[debug] [2026-06-08T17:04:37.741Z] >>> [apiv2][query] GET https://firebase.googleapis.com/v1beta1/projects/carbonsaathi-prod-98 [none]
[debug] [2026-06-08T17:04:38.621Z] <<< [apiv2][status] GET https://firebase.googleapis.com/v1beta1/projects/carbonsaathi-prod-98 200
[debug] [2026-06-08T17:04:38.621Z] <<< [apiv2][body] GET https://firebase.googleapis.com/v1beta1/projects/carbonsaathi-prod-98 {"projectId":"carbonsaathi-prod-98","projectNumber":"537299915382","displayName":"carbonsaathi-prod-98","name":"projects/carbonsaathi-prod-98","resources":{"hostingSite":"carbonsaathi-prod-98"},"state":"ACTIVE","etag":"1_50008f2a-9d7b-439e-b20b-27add50d0fb6"}
[info] i  Using project carbonsaathi-prod-98 (carbonsaathi-prod-98) . 
[info] 
=== Hosting:github Setup
[info] 
[info] i  Detected a .git folder at C:\Users\User\Desktop\httpsgithub.comDhruv727876.git\CarbonSaathi 
[info] i  Authorizing with GitHub to upload your service account to a GitHub repository's secrets store. 
[info] 
[info] Visit this URL on this device to log in:
[info] https://github.com/login/oauth/authorize?client_id=89cf50f02ac6aaed3484&state=1068671324&redirect_uri=http%3A%2F%2Flocalhost%3A9005&scope=read%3Auser%20repo%20public_repo
[info] 
[info] Waiting for authentication...
[debug] [2026-06-08T17:04:38.657Z] Error: spawn cmd ENOENT
    at ChildProcess._handle.onexit (node:internal/child_process:287:19)
    at onErrorNT (node:internal/child_process:508:16)
    at process.processTicksAndRejections (node:internal/process/task_queues:90:21)
[error] 
[error] Error: An unexpected error has occurred.
[debug] [2026-06-08T17:06:43.078Z] ----------------------------------------------------------------------
[debug] [2026-06-08T17:06:43.080Z] Command:       D:\node.exe C:\Users\User\AppData\Roaming\npm\node_modules\firebase-tools\lib\bin\firebase.js init hosting:github
[debug] [2026-06-08T17:06:43.081Z] CLI Version:   15.19.1
[debug] [2026-06-08T17:06:43.081Z] Platform:      win32
[debug] [2026-06-08T17:06:43.081Z] Node Version:  v24.16.0
[debug] [2026-06-08T17:06:43.081Z] Time:          Mon Jun 08 2026 22:36:43 GMT+0530 (India Standard Time)
[debug] [2026-06-08T17:06:43.081Z] ----------------------------------------------------------------------
[debug] 
[info] 
     ######## #### ########  ######## ########     ###     ######  ########
     ##        ##  ##     ## ##       ##     ##  ##   ##  ##       ##
     ######    ##  ########  ######   ########  #########  ######  ######
     ##        ##  ##    ##  ##       ##     ## ##     ##       ## ##
     ##       #### ##     ## ######## ########  ##     ##  ######  ########

You're about to initialize a Firebase project in this directory:

  C:\Users\User\Desktop\CarbonSaathi\CarbonSaathi

Before we get started, keep in mind:

  * You are initializing within an existing Firebase project directory

[info] 
=== Project Setup
[info] 
[info] First, let's associate this project directory with a Firebase project.
[info] You can create multiple project aliases by running firebase use --add, 
[info] 
[debug] [2026-06-08T17:06:46.554Z] > command requires scopes: ["email","openid","https://www.googleapis.com/auth/cloudplatformprojects.readonly","https://www.googleapis.com/auth/firebase","https://www.googleapis.com/auth/cloud-platform"]
[debug] [2026-06-08T17:06:46.554Z] > authorizing via signed-in user (cinefix1.12.19@gmail.com)
[debug] [2026-06-08T17:06:46.555Z] Checked if tokens are valid: true, expires at: 1780941523944
[debug] [2026-06-08T17:06:46.555Z] Checked if tokens are valid: true, expires at: 1780941523944
[debug] [2026-06-08T17:06:46.556Z] >>> [apiv2][query] GET https://firebase.googleapis.com/v1beta1/projects/carbonsaathi-prod-98 [none]
[debug] [2026-06-08T17:06:47.298Z] <<< [apiv2][status] GET https://firebase.googleapis.com/v1beta1/projects/carbonsaathi-prod-98 200
[debug] [2026-06-08T17:06:47.298Z] <<< [apiv2][body] GET https://firebase.googleapis.com/v1beta1/projects/carbonsaathi-prod-98 {"projectId":"carbonsaathi-prod-98","projectNumber":"537299915382","displayName":"carbonsaathi-prod-98","name":"projects/carbonsaathi-prod-98","resources":{"hostingSite":"carbonsaathi-prod-98"},"state":"ACTIVE","etag":"1_50008f2a-9d7b-439e-b20b-27add50d0fb6"}
[info] i  Using project carbonsaathi-prod-98 (carbonsaathi-prod-98) . 
[info] 
=== Hosting:github Setup
[info] 
[info] i  Detected a .git folder at C:\Users\User\Desktop\CarbonSaathi\CarbonSaathi 
[info] i  Authorizing with GitHub to upload your service account to a GitHub repository's secrets store. 
[info] 
[info] Visit this URL on this device to log in:
[info] https://github.com/login/oauth/authorize?client_id=89cf50f02ac6aaed3484&state=188493539&redirect_uri=http%3A%2F%2Flocalhost%3A9005&scope=read%3Auser%20repo%20public_repo
[info] 
[info] Waiting for authentication...
[debug] [2026-06-08T17:06:47.327Z] Error: spawn cmd ENOENT
    at ChildProcess._handle.onexit (node:internal/child_process:287:19)
    at onErrorNT (node:internal/child_process:508:16)
    at process.processTicksAndRejections (node:internal/process/task_queues:90:21)
[error] 
[error] Error: An unexpected error has occurred.
